This file contains any messages produced by compilers while
running configure, to aid debugging if configure makes a mistake.

It was created by libbindings_common configure 2.2.0, which was
generated by GNU Autoconf 2.69.  Invocation command line was

  $ ./configure 

## --------- ##
## Platform. ##
## --------- ##

hostname = MacBook-Pro-de-Daniele.local
uname -m = x86_64
uname -r = 19.4.0
uname -s = Darwin
uname -v = Darwin Kernel Version 19.4.0: Wed Mar  4 22:28:40 PST 2020; root:xnu-6153.101.6~15/RELEASE_X86_64

/usr/bin/uname -p = i386
/bin/uname -X     = unknown

/bin/arch              = unknown
/usr/bin/arch -k       = unknown
/usr/convex/getsysinfo = unknown
/usr/bin/hostinfo      = Mach kernel version:
	 Darwin Kernel Version 19.4.0: Wed Mar  4 22:28:40 PST 2020; root:xnu-6153.101.6~15/RELEASE_X86_64
Kernel configured for up to 16 processors.
8 processors are physically available.
16 processors are logically available.
Processor type: x86_64h (Intel x86-64h Haswell)
Processors active: 0 1 2 3 4 5 6 7 8 9 10 11 12 13 14 15
Primary memory available: 16.00 gigabytes
Default processor set: 588 tasks, 3031 threads, 16 processors
Load average: 2.19, Mach factor: 13.80
/bin/machine           = unknown
/usr/bin/oslevel       = unknown
/bin/universe          = unknown

PATH: /Users/lezzi/opt/anaconda3/envs/pycompss/bin
PATH: i/usr/local/opt/gnu-sed/libexec/gnubin
PATH: /usr/local/opt/inetutils/libexec/gnubin
PATH: /Users/lezzi/opt/anaconda3/bin
PATH: /Users/lezzi/opt/anaconda3/condabin
PATH: i/usr/local/opt/gnu-sed/libexec/gnubin
PATH: /usr/local/opt/inetutils/libexec/gnubin
PATH: /usr/local/bin
PATH: /usr/bin
PATH: /bin
PATH: /usr/sbin
PATH: /sbin
PATH: /Library/TeX/texbin
PATH: /opt/X11/bin
PATH: /Library/Apple/usr/bin
PATH: /Users/lezzi/opt/anaconda3/envs/pycompss/COMPSs/Runtime/scripts/user
PATH: /Users/lezzi/opt/anaconda3/envs/pycompss/COMPSs/Runtime/scripts/utils
PATH: /Users/lezzi/opt/anaconda3/envs/pycompss/COMPSs/Bindings/c/bin
PATH: i/usr/local/opt/gnu-sed/libexec/gnubin
PATH: /usr/local/opt/inetutils/libexec/gnubin
PATH: /usr/local/bin
PATH: /usr/bin
PATH: /bin
PATH: /usr/sbin
PATH: /sbin
PATH: /Library/TeX/texbin
PATH: /opt/X11/bin
PATH: /Library/Apple/usr/bin
PATH: /Users/lezzi/opt/anaconda3/COMPSs/Runtime/scripts/user
PATH: /Users/lezzi/opt/anaconda3/COMPSs/Runtime/scripts/utils
PATH: /Users/lezzi/opt/anaconda3/COMPSs/Bindings/c/bin
PATH: /Users/lezzi/opt/anaconda3/bin
PATH: /Users/lezzi/opt/anaconda3/condabin
PATH: i/usr/local/opt/gnu-sed/libexec/gnubin
PATH: /usr/local/opt/inetutils/libexec/gnubin
PATH: /usr/local/bin
PATH: /usr/bin
PATH: /bin
PATH: /usr/sbin
PATH: /sbin
PATH: /Library/TeX/texbin
PATH: /opt/X11/bin
PATH: /Library/Apple/usr/bin
PATH: /Users/lezzi/opt/anaconda3/envs/pycompss/COMPSs/Runtime/scripts/user
PATH: /Users/lezzi/opt/anaconda3/envs/pycompss/COMPSs/Runtime/scripts/utils
PATH: /Users/lezzi/opt/anaconda3/envs/pycompss/COMPSs/Bindings/c/bin
PATH: i/usr/local/opt/gnu-sed/libexec/gnubin
PATH: /usr/local/opt/inetutils/libexec/gnubin
PATH: /usr/local/bin
PATH: /usr/bin
PATH: /bin
PATH: /usr/sbin
PATH: /sbin
PATH: /Library/TeX/texbin
PATH: /opt/X11/bin
PATH: /Library/Apple/usr/bin
PATH: /Users/lezzi/opt/anaconda3/envs/pycompss/COMPSs/Runtime/scripts/user
PATH: /Users/lezzi/opt/anaconda3/envs/pycompss/COMPSs/Runtime/scripts/utils
PATH: /Users/lezzi/opt/anaconda3/envs/pycompss/COMPSs/Bindings/c/bin
PATH: i/usr/local/opt/gnu-sed/libexec/gnubin
PATH: /usr/local/opt/inetutils/libexec/gnubin
PATH: /Users/lezzi/opt/anaconda3/bin
PATH: /Users/lezzi/opt/anaconda3/condabin
PATH: i/usr/local/opt/gnu-sed/libexec/gnubin
PATH: /usr/local/opt/inetutils/libexec/gnubin
PATH: /usr/local/bin
PATH: /usr/bin
PATH: /bin
PATH: /usr/sbin
PATH: /sbin
PATH: /Library/TeX/texbin
PATH: /opt/X11/bin
PATH: /Library/Apple/usr/bin
PATH: /Users/lezzi/opt/anaconda3/envs/pycompss/COMPSs/Runtime/scripts/user
PATH: /Users/lezzi/opt/anaconda3/envs/pycompss/COMPSs/Runtime/scripts/utils
PATH: /Users/lezzi/opt/anaconda3/envs/pycompss/COMPSs/Bindings/c/bin
PATH: i/usr/local/opt/gnu-sed/libexec/gnubin
PATH: /usr/local/opt/inetutils/libexec/gnubin
PATH: /usr/local/bin
PATH: /usr/bin
PATH: /bin
PATH: /usr/sbin
PATH: /sbin
PATH: /Library/TeX/texbin
PATH: /opt/X11/bin
PATH: /Library/Apple/usr/bin
PATH: /Users/lezzi/opt/anaconda3/COMPSs/Runtime/scripts/user
PATH: /Users/lezzi/opt/anaconda3/COMPSs/Runtime/scripts/utils
PATH: /Users/lezzi/opt/anaconda3/COMPSs/Bindings/c/bin
PATH: /Users/lezzi/opt/anaconda3/bin
PATH: /Users/lezzi/opt/anaconda3/condabin
PATH: i/usr/local/opt/gnu-sed/libexec/gnubin
PATH: /usr/local/opt/inetutils/libexec/gnubin
PATH: /usr/local/bin
PATH: /usr/bin
PATH: /bin
PATH: /usr/sbin
PATH: /sbin
PATH: /Library/TeX/texbin
PATH: /opt/X11/bin
PATH: /Library/Apple/usr/bin
PATH: /Users/lezzi/opt/anaconda3/envs/pycompss/COMPSs/Runtime/scripts/user
PATH: /Users/lezzi/opt/anaconda3/envs/pycompss/COMPSs/Runtime/scripts/utils
PATH: /Users/lezzi/opt/anaconda3/envs/pycompss/COMPSs/Bindings/c/bin
PATH: i/usr/local/opt/gnu-sed/libexec/gnubin
PATH: /usr/local/opt/inetutils/libexec/gnubin
PATH: /usr/local/bin
PATH: /usr/bin
PATH: /bin
PATH: /usr/sbin
PATH: /sbin
PATH: /Library/TeX/texbin
PATH: /opt/X11/bin
PATH: /Library/Apple/usr/bin
PATH: /Users/lezzi/opt/anaconda3/envs/pycompss//COMPSs/Runtime/scripts/user
PATH: /Users/lezzi/opt/anaconda3/envs/pycompss//COMPSs/Runtime/scripts/utils
PATH: /Users/lezzi/opt/anaconda3/envs/pycompss//COMPSs/Bindings/c/bin
PATH: /Users/lezzi/opt/anaconda3/envs/pycompss/bin
PATH: i/usr/local/opt/gnu-sed/libexec/gnubin
PATH: /usr/local/opt/inetutils/libexec/gnubin
PATH: /Users/lezzi/opt/anaconda3/bin
PATH: /Users/lezzi/opt/anaconda3/condabin
PATH: i/usr/local/opt/gnu-sed/libexec/gnubin
PATH: /usr/local/opt/inetutils/libexec/gnubin
PATH: /usr/local/bin
PATH: /usr/bin
PATH: /bin
PATH: /usr/sbin
PATH: /sbin
PATH: /Library/TeX/texbin
PATH: /opt/X11/bin
PATH: /Library/Apple/usr/bin
PATH: /Users/lezzi/opt/anaconda3/envs/pycompss/COMPSs/Runtime/scripts/user
PATH: /Users/lezzi/opt/anaconda3/envs/pycompss/COMPSs/Runtime/scripts/utils
PATH: /Users/lezzi/opt/anaconda3/envs/pycompss/COMPSs/Bindings/c/bin
PATH: i/usr/local/opt/gnu-sed/libexec/gnubin
PATH: /usr/local/opt/inetutils/libexec/gnubin
PATH: /usr/local/bin
PATH: /usr/bin
PATH: /bin
PATH: /usr/sbin
PATH: /sbin
PATH: /Library/TeX/texbin
PATH: /opt/X11/bin
PATH: /Library/Apple/usr/bin
PATH: /Users/lezzi/opt/anaconda3/COMPSs/Runtime/scripts/user
PATH: /Users/lezzi/opt/anaconda3/COMPSs/Runtime/scripts/utils
PATH: /Users/lezzi/opt/anaconda3/COMPSs/Bindings/c/bin
PATH: /Users/lezzi/opt/anaconda3/bin
PATH: /Users/lezzi/opt/anaconda3/condabin
PATH: i/usr/local/opt/gnu-sed/libexec/gnubin
PATH: /usr/local/opt/inetutils/libexec/gnubin
PATH: /usr/local/bin
PATH: /usr/bin
PATH: /bin
PATH: /usr/sbin
PATH: /sbin
PATH: /Library/TeX/texbin
PATH: /opt/X11/bin
PATH: /Library/Apple/usr/bin
PATH: /Users/lezzi/opt/anaconda3/envs/pycompss/COMPSs/Runtime/scripts/user
PATH: /Users/lezzi/opt/anaconda3/envs/pycompss/COMPSs/Runtime/scripts/utils
PATH: /Users/lezzi/opt/anaconda3/envs/pycompss/COMPSs/Bindings/c/bin
PATH: i/usr/local/opt/gnu-sed/libexec/gnubin
PATH: /usr/local/opt/inetutils/libexec/gnubin
PATH: /usr/local/bin
PATH: /usr/bin
PATH: /bin
PATH: /usr/sbin
PATH: /sbin
PATH: /Library/TeX/texbin
PATH: /opt/X11/bin
PATH: /Library/Apple/usr/bin
PATH: /Users/lezzi/opt/anaconda3/envs/pycompss/COMPSs/Runtime/scripts/user
PATH: /Users/lezzi/opt/anaconda3/envs/pycompss/COMPSs/Runtime/scripts/utils
PATH: /Users/lezzi/opt/anaconda3/envs/pycompss/COMPSs/Bindings/c/bin
PATH: i/usr/local/opt/gnu-sed/libexec/gnubin
PATH: /usr/local/opt/inetutils/libexec/gnubin
PATH: /Users/lezzi/opt/anaconda3/bin
PATH: /Users/lezzi/opt/anaconda3/condabin
PATH: i/usr/local/opt/gnu-sed/libexec/gnubin
PATH: /usr/local/opt/inetutils/libexec/gnubin
PATH: /usr/local/bin
PATH: /usr/bin
PATH: /bin
PATH: /usr/sbin
PATH: /sbin
PATH: /Library/TeX/texbin
PATH: /opt/X11/bin
PATH: /Library/Apple/usr/bin
PATH: /Users/lezzi/opt/anaconda3/envs/pycompss/COMPSs/Runtime/scripts/user
PATH: /Users/lezzi/opt/anaconda3/envs/pycompss/COMPSs/Runtime/scripts/utils
PATH: /Users/lezzi/opt/anaconda3/envs/pycompss/COMPSs/Bindings/c/bin
PATH: i/usr/local/opt/gnu-sed/libexec/gnubin
PATH: /usr/local/opt/inetutils/libexec/gnubin
PATH: /usr/local/bin
PATH: /usr/bin
PATH: /bin
PATH: /usr/sbin
PATH: /sbin
PATH: /Library/TeX/texbin
PATH: /opt/X11/bin
PATH: /Library/Apple/usr/bin
PATH: /Users/lezzi/opt/anaconda3/COMPSs/Runtime/scripts/user
PATH: /Users/lezzi/opt/anaconda3/COMPSs/Runtime/scripts/utils
PATH: /Users/lezzi/opt/anaconda3/COMPSs/Bindings/c/bin
PATH: /Users/lezzi/opt/anaconda3/bin
PATH: /Users/lezzi/opt/anaconda3/condabin
PATH: i/usr/local/opt/gnu-sed/libexec/gnubin
PATH: /usr/local/opt/inetutils/libexec/gnubin
PATH: /usr/local/bin
PATH: /usr/bin
PATH: /bin
PATH: /usr/sbin
PATH: /sbin
PATH: /Library/TeX/texbin
PATH: /opt/X11/bin
PATH: /Library/Apple/usr/bin
PATH: /Users/lezzi/opt/anaconda3/envs/pycompss/COMPSs/Runtime/scripts/user
PATH: /Users/lezzi/opt/anaconda3/envs/pycompss/COMPSs/Runtime/scripts/utils
PATH: /Users/lezzi/opt/anaconda3/envs/pycompss/COMPSs/Bindings/c/bin
PATH: i/usr/local/opt/gnu-sed/libexec/gnubin
PATH: /usr/local/opt/inetutils/libexec/gnubin
PATH: /usr/local/bin
PATH: /usr/bin
PATH: /bin
PATH: /usr/sbin
PATH: /sbin
PATH: /Library/TeX/texbin
PATH: /opt/X11/bin
PATH: /Library/Apple/usr/bin


## ----------- ##
## Core tests. ##
## ----------- ##

configure:2307: checking for a BSD-compatible install
configure:2375: result: /usr/local/bin/ginstall -c
configure:2386: checking whether build environment is sane
configure:2441: result: yes
configure:2592: checking for a thread-safe mkdir -p
configure:2631: result: /usr/local/bin/gmkdir -p
configure:2638: checking for gawk
configure:2668: result: no
configure:2638: checking for mawk
configure:2668: result: no
configure:2638: checking for nawk
configure:2668: result: no
configure:2638: checking for awk
configure:2654: found /usr/bin/awk
configure:2665: result: awk
configure:2676: checking whether make sets $(MAKE)
configure:2698: result: yes
configure:2727: checking whether make supports nested variables
configure:2744: result: yes
configure:2929: checking for g++
configure:2945: found /usr/bin/g++
configure:2956: result: g++
configure:2983: checking for C++ compiler version
configure:2992: g++ --version >&5
Apple clang version 11.0.3 (clang-1103.0.32.59)
Target: x86_64-apple-darwin19.4.0
Thread model: posix
InstalledDir: /Applications/Xcode.app/Contents/Developer/Toolchains/XcodeDefault.xctoolchain/usr/bin
Configured with: --prefix=/Applications/Xcode.app/Contents/Developer/usr --with-gxx-include-dir=/Applications/Xcode.app/Contents/Developer/Platforms/MacOSX.platform/Developer/SDKs/MacOSX.sdk/usr/include/c++/4.2.1
configure:3003: $? = 0
configure:2992: g++ -v >&5
Configured with: --prefix=/Applications/Xcode.app/Contents/Developer/usr --with-gxx-include-dir=/Applications/Xcode.app/Contents/Developer/Platforms/MacOSX.platform/Developer/SDKs/MacOSX.sdk/usr/include/c++/4.2.1
Apple clang version 11.0.3 (clang-1103.0.32.59)
Target: x86_64-apple-darwin19.4.0
Thread model: posix
InstalledDir: /Applications/Xcode.app/Contents/Developer/Toolchains/XcodeDefault.xctoolchain/usr/bin
configure:3003: $? = 0
configure:2992: g++ -V >&5
clang: error: unsupported option '-V -Wno-objc-signed-char-bool-implicit-int-conversion'
clang: error: no input files
configure:3003: $? = 1
configure:2992: g++ -qversion >&5
clang: error: unknown argument '-qversion'; did you mean '--version'?
clang: error: no input files
configure:3003: $? = 1
configure:3023: checking whether the C++ compiler works
configure:3045: g++ -I/Library/Java/JavaVirtualMachines/jdk-12.0.1.jdk/Contents/Home/include/darwin -DUSE_BOOST -I/Users/lezzi/opt/anaconda3/pkgs/boost-cpp-1.73.0-hef959ae_1/include/boost/archive/ -L  -I/include/darwin -I/Library/Java/JavaVirtualMachines/jdk-12.0.1.jdk/Contents/Home/include/darwin -I/Library/Java/JavaVirtualMachines/jdk-12.0.1.jdk/Contents/Home/include/darwin /Users/lezzi/opt/anaconda3/pkgs/boost-cpp-1.73.0-hef959ae_1/include/boost/archive/  conftest.cpp  >&5
ld: warning: directory not found for option '-L-I/include/darwin'
ld: can't map file, errno=22 file '/Users/lezzi/opt/anaconda3/pkgs/boost-cpp-1.73.0-hef959ae_1/include/boost/archive/' for architecture x86_64
clang: error: linker command failed with exit code 1 (use -v to see invocation)
configure:3049: $? = 1
configure:3087: result: no
configure: failed program was:
| /* confdefs.h */
| #define PACKAGE_NAME "libbindings_common"
| #define PACKAGE_TARNAME "libbindings_common"
| #define PACKAGE_VERSION "2.2.0"
| #define PACKAGE_STRING "libbindings_common 2.2.0"
| #define PACKAGE_BUGREPORT "support-compss@bsc.es"
| #define PACKAGE_URL ""
| #define libbindings_common "libbindings_common"
| #define VERSION "2.2.0"
| /* end confdefs.h.  */
| 
| int
| main ()
| {
| 
|   ;
|   return 0;
| }
configure:3092: error: in `/Users/lezzi/work/compss/compss/programming_model/bindings/bindings-common':
configure:3094: error: C++ compiler cannot create executables
See `config.log' for more details

## ---------------- ##
## Cache variables. ##
## ---------------- ##

ac_cv_env_CCC_set=
ac_cv_env_CCC_value=
ac_cv_env_CC_set=
ac_cv_env_CC_value=
ac_cv_env_CFLAGS_set=
ac_cv_env_CFLAGS_value=
ac_cv_env_CPPFLAGS_set=set
ac_cv_env_CPPFLAGS_value=' -I/include/darwin -I/Library/Java/JavaVirtualMachines/jdk-12.0.1.jdk/Contents/Home/include/darwin -I/Library/Java/JavaVirtualMachines/jdk-12.0.1.jdk/Contents/Home/include/darwin /Users/lezzi/opt/anaconda3/pkgs/boost-cpp-1.73.0-hef959ae_1/include/boost/archive/'
ac_cv_env_CPP_set=
ac_cv_env_CPP_value=
ac_cv_env_CXXCPP_set=
ac_cv_env_CXXCPP_value=
ac_cv_env_CXXFLAGS_set=set
ac_cv_env_CXXFLAGS_value='-I/Library/Java/JavaVirtualMachines/jdk-12.0.1.jdk/Contents/Home/include/darwin -DUSE_BOOST -I/Users/lezzi/opt/anaconda3/pkgs/boost-cpp-1.73.0-hef959ae_1/include/boost/archive/ -L'
ac_cv_env_CXX_set=
ac_cv_env_CXX_value=
ac_cv_env_LDFLAGS_set=
ac_cv_env_LDFLAGS_value=
ac_cv_env_LIBS_set=
ac_cv_env_LIBS_value=
ac_cv_env_LT_SYS_LIBRARY_PATH_set=
ac_cv_env_LT_SYS_LIBRARY_PATH_value=
ac_cv_env_build_alias_set=
ac_cv_env_build_alias_value=
ac_cv_env_host_alias_set=
ac_cv_env_host_alias_value=
ac_cv_env_target_alias_set=
ac_cv_env_target_alias_value=
ac_cv_path_install='/usr/local/bin/ginstall -c'
ac_cv_path_mkdir=/usr/local/bin/gmkdir
ac_cv_prog_AWK=awk
ac_cv_prog_ac_ct_CXX=g++
ac_cv_prog_make_make_set=yes
am_cv_make_support_nested_variables=yes

## ----------------- ##
## Output variables. ##
## ----------------- ##

ACLOCAL='${SHELL} /Users/lezzi/work/compss/compss/programming_model/bindings/bindings-common/config/missing aclocal-1.16'
AMDEPBACKSLASH=''
AMDEP_FALSE=''
AMDEP_TRUE=''
AMTAR='$${TAR-tar}'
AM_BACKSLASH='\'
AM_DEFAULT_V='$(AM_DEFAULT_VERBOSITY)'
AM_DEFAULT_VERBOSITY='1'
AM_V='$(V)'
AR=''
AUTOCONF='${SHELL} /Users/lezzi/work/compss/compss/programming_model/bindings/bindings-common/config/missing autoconf'
AUTOHEADER='${SHELL} /Users/lezzi/work/compss/compss/programming_model/bindings/bindings-common/config/missing autoheader'
AUTOMAKE='${SHELL} /Users/lezzi/work/compss/compss/programming_model/bindings/bindings-common/config/missing automake-1.16'
AWK='awk'
CC=''
CCDEPMODE=''
CFLAGS=''
CPP=''
CPPFLAGS=' -I/include/darwin -I/Library/Java/JavaVirtualMachines/jdk-12.0.1.jdk/Contents/Home/include/darwin -I/Library/Java/JavaVirtualMachines/jdk-12.0.1.jdk/Contents/Home/include/darwin /Users/lezzi/opt/anaconda3/pkgs/boost-cpp-1.73.0-hef959ae_1/include/boost/archive/'
CXX='g++'
CXXCPP=''
CXXDEPMODE=''
CXXFLAGS='-I/Library/Java/JavaVirtualMachines/jdk-12.0.1.jdk/Contents/Home/include/darwin -DUSE_BOOST -I/Users/lezzi/opt/anaconda3/pkgs/boost-cpp-1.73.0-hef959ae_1/include/boost/archive/ -L'
CYGPATH_W='echo'
DEFS=''
DEPDIR=''
DLLTOOL=''
DSYMUTIL=''
DUMPBIN=''
ECHO_C='\c'
ECHO_N=''
ECHO_T=''
EGREP=''
EXEEXT=''
FGREP=''
GREP=''
INSTALL_DATA='${INSTALL} -m 644'
INSTALL_PROGRAM='${INSTALL}'
INSTALL_SCRIPT='${INSTALL}'
INSTALL_STRIP_PROGRAM='$(install_sh) -c -s'
LD=''
LDFLAGS=''
LIBOBJS=''
LIBS=''
LIBTOOL=''
LIPO=''
LN_S=''
LTLIBOBJS=''
LT_SYS_LIBRARY_PATH=''
MAKEINFO='${SHELL} /Users/lezzi/work/compss/compss/programming_model/bindings/bindings-common/config/missing makeinfo'
MANIFEST_TOOL=''
MKDIR_P='/usr/local/bin/gmkdir -p'
NM=''
NMEDIT=''
OBJDUMP=''
OBJEXT=''
OTOOL64=''
OTOOL=''
PACKAGE=''
PACKAGE_BUGREPORT='support-compss@bsc.es'
PACKAGE_NAME='libbindings_common'
PACKAGE_STRING='libbindings_common 2.2.0'
PACKAGE_TARNAME='libbindings_common'
PACKAGE_URL=''
PACKAGE_VERSION='2.2.0'
PATH_SEPARATOR=':'
RANLIB=''
SED=''
SET_MAKE=''
SHELL='/bin/sh'
STRIP=''
VERSION='2.2.0'
ac_ct_AR=''
ac_ct_CC=''
ac_ct_CXX='g++'
ac_ct_DUMPBIN=''
am__EXEEXT_FALSE=''
am__EXEEXT_TRUE=''
am__fastdepCC_FALSE=''
am__fastdepCC_TRUE=''
am__fastdepCXX_FALSE=''
am__fastdepCXX_TRUE=''
am__include=''
am__isrc=''
am__leading_dot='.'
am__nodep=''
am__quote=''
am__tar='$${TAR-tar} chof - "$$tardir"'
am__untar='$${TAR-tar} xf -'
bindir='${exec_prefix}/bin'
build=''
build_alias=''
build_cpu=''
build_os=''
build_vendor=''
datadir='${datarootdir}'
datarootdir='${prefix}/share'
docdir='${datarootdir}/doc/${PACKAGE_TARNAME}'
dvidir='${docdir}'
exec_prefix='NONE'
host=''
host_alias=''
host_cpu=''
host_os=''
host_vendor=''
htmldir='${docdir}'
includedir='${prefix}/include'
infodir='${datarootdir}/info'
install_sh='${SHELL} /Users/lezzi/work/compss/compss/programming_model/bindings/bindings-common/config/install-sh'
libdir='${exec_prefix}/lib'
libexecdir='${exec_prefix}/libexec'
localedir='${datarootdir}/locale'
localstatedir='${prefix}/var'
mandir='${datarootdir}/man'
mkdir_p='$(MKDIR_P)'
oldincludedir='/usr/include'
pdfdir='${docdir}'
prefix='NONE'
program_transform_name='s,x,x,'
psdir='${docdir}'
sbindir='${exec_prefix}/sbin'
sharedstatedir='${prefix}/com'
sysconfdir='${prefix}/etc'
target_alias=''

## ----------- ##
## confdefs.h. ##
## ----------- ##

/* confdefs.h */
#define PACKAGE_NAME "libbindings_common"
#define PACKAGE_TARNAME "libbindings_common"
#define PACKAGE_VERSION "2.2.0"
#define PACKAGE_STRING "libbindings_common 2.2.0"
#define PACKAGE_BUGREPORT "support-compss@bsc.es"
#define PACKAGE_URL ""
#define libbindings_common "libbindings_common"
#define VERSION "2.2.0"

configure: exit 77
